Choosing optimized barrier algorithm name I0:MultiSync2Device:SHMEM:GI
Charm++> Running in SMP mode: numNodes 32768,  1 worker threads per process
Charm++> The comm. thread both sends and receives messages
Converse/Charm++ Commit ID: v6.8.0-11-g938cb13
[0] isomalloc.c> Disabling isomalloc because isomalloc disabled by conv-mach
CharmLB> Load balancer assumes all CPUs are same.
Charm++> Running on 512 unique compute nodes (64-way SMP).
Using Input distribution: [AllZeros]
[0] Histogram Sorting on 32768 at 83.141 MB
CONS Params->probe_max: 10001
maxprobe: 65536
Exiting Sorter Init... 32768
((((((((( [0/0]DataReady 
$$$$$$$$$ [21344/21344]finishBarrier 
Local sorting on pe, numElem: 2097152 - 0.906068
Initial key sum 0
Comes till here 
 maxkey: 18446744073709551615, tagged maxkey: (18446744073709551615,2147483647,2147483647)
******** [21344] Samples size: 32769 collected, sending for histogramming... 1.813756 .
Doing Histogramming 2.107271 seconds after start.
Probe Number : #### : 1, maxprobesize: 10001,  lastProbeSize: 32769
***************************************####################comes here
Fraction of input to be sampled: 0.826740, 1.774774 achieved: 3145
Sending sample intervals to buckets, nIntervals: 18753 frac: 0.826740 Not achieved: 29623 - 21344
0.030027 : 1  - srtr0 
Comes till here 
 maxkey: 18446744073709551615, tagged maxkey: (18446744073709551615,2147483647,2147483647)
******** [21344] Samples size: 55180 collected, sending for histogramming... 2.795147 .
Doing Histogramming 3.291713 seconds after start.
Probe Number : #### : 2, maxprobesize: 10001,  lastProbeSize: 55180
Fraction of input to be sampled: 0.471661, 0.619052 achieved: 5430
Sending sample intervals to buckets, nIntervals: 23574 frac: 0.471661 Not achieved: 24193 - 21344
0.034136 : 2  - srtr0 
Comes till here 
 maxkey: 18446744073709551615, tagged maxkey: (18446744073709551615,2147483647,2147483647)
******** [21344] Samples size: 46663 collected, sending for histogramming... 3.966018 .
Doing Histogramming 4.385364 seconds after start.
Probe Number : #### : 3, maxprobesize: 10001,  lastProbeSize: 46663
Fraction of input to be sampled: 0.232093, 0.384581 achieved: 6030
Sending sample intervals to buckets, nIntervals: 18098 frac: 0.232093 Not achieved: 18163 - 21344
0.028738 : 3  - srtr0 
Comes till here 
 maxkey: 18446744073709551615, tagged maxkey: (18446744073709551615,2147483647,2147483647)
******** [21344] Samples size: 37899 collected, sending for histogramming... 5.046306 .
Doing Histogramming 5.380572 seconds after start.
Probe Number : #### : 4, maxprobesize: 10001,  lastProbeSize: 37899
Fraction of input to be sampled: 0.093253, 0.273907 achieved: 7041
Sending sample intervals to buckets, nIntervals: 11118 frac: 0.093253 Not achieved: 11122 - 21344
0.024624 : 4  - srtr0 
Comes till here 
 maxkey: 18446744073709551615, tagged maxkey: (18446744073709551615,2147483647,2147483647)
******** [21344] Samples size: 33303 collected, sending for histogramming... 6.053933 .
Doing Histogramming 6.333034 seconds after start.
Probe Number : #### : 5, maxprobesize: 10001,  lastProbeSize: 33303
Fraction of input to be sampled: 0.022264, 0.224477 achieved: 7311
Sending sample intervals to buckets, nIntervals: 3811 frac: 0.022264 Not achieved: 3811 - 21344
0.021647 : 5  - srtr0 
Comes till here 
 maxkey: 18446744073709551615, tagged maxkey: (18446744073709551615,2147483647,2147483647)
******** [21344] Samples size: 32830 collected, sending for histogramming... 7.023039 .
Doing Histogramming 7.299054 seconds after start.
Probe Number : #### : 6, maxprobesize: 10001,  lastProbeSize: 32830
Fraction of input to be sampled: 0.000135, 0.207185 achieved: 3775
Sending sample intervals to buckets, nIntervals: 36 frac: 0.000135 Not achieved: 36 - 21344
0.018062 : 6  - srtr0 
Comes till here 
 maxkey: 18446744073709551615, tagged maxkey: (18446744073709551615,2147483647,2147483647)
******** [21344] Samples size: 32374 collected, sending for histogramming... 7.995109 .
Doing Histogramming 8.270610 seconds after start.
Probe Number : #### : 7, maxprobesize: 10001,  lastProbeSize: 32374
Fraction of input to be sampled: 0.000000, 0.207051 achieved: 36
Done Histogramming in 8.285992 seconds, numprobes: 7
Sending sample intervals to buckets, nIntervals: 0 frac: 0.000000 Not achieved: 0 - 21344
0.015773 : 7  - srtr0 
ls_numTotSamples: 1, ls_getMaxSampleSize(): 32770, ls_getExpectedSampleSize(): 0
Final key sum 0
0 0 0

Completed in 16.663591 seconds.
Elements sorted: 0 (= 524288 MB)
[Partition 0][Node 0] End of program
